<?xml version="1.0" encoding="utf-8"?><testsuites name="pytest tests"><testsuite name="pytest" errors="0" failures="0" skipped="0" tests="22" time="14.454" timestamp="2026-01-04T12:55:46.098665+00:00" hostname="agent-env-dc3c7512-a552-4c57-9eb5-04ff71a74e8c"><testcase classname="tests.test_admin_products_api.TestAdminProductsListAndCreate" name="test_get_all_products" time="0.488" /><testcase classname="tests.test_admin_products_api.TestAdminProductsListAndCreate" name="test_create_product_success" time="1.000" /><testcase classname="tests.test_admin_products_api.TestAdminProductsListAndCreate" name="test_create_product_missing_name" time="0.007" /><testcase classname="tests.test_admin_products_api.TestAdminProductsListAndCreate" name="test_create_product_invalid_price" time="0.007" /><testcase classname="tests.test_admin_products_api.TestAdminProductsListAndCreate" name="test_create_product_invalid_stock" time="0.006" /><testcase classname="tests.test_admin_products_api.TestAdminProductsListAndCreate" name="test_create_product_invalid_discount" time="0.006" /><testcase classname="tests.test_admin_products_api.TestAdminProductSingleOperations" name="test_get_single_product" time="1.011" /><testcase classname="tests.test_admin_products_api.TestAdminProductSingleOperations" name="test_get_nonexistent_product" time="0.258" /><testcase classname="tests.test_admin_products_api.TestAdminProductSingleOperations" name="test_update_product_name" time="1.510" /><testcase classname="tests.test_admin_products_api.TestAdminProductSingleOperations" name="test_update_product_price" time="1.288" /><testcase classname="tests.test_admin_products_api.TestAdminProductSingleOperations" name="test_update_product_stock" time="1.741" /><testcase classname="tests.test_admin_products_api.TestAdminProductSingleOperations" name="test_update_product_discount" time="1.265" /><testcase classname="tests.test_admin_products_api.TestAdminProductSingleOperations" name="test_update_product_isActive" time="1.768" /><testcase classname="tests.test_admin_products_api.TestAdminProductSingleOperations" name="test_update_product_invalid_price" time="0.993" /><testcase classname="tests.test_admin_products_api.TestAdminProductSingleOperations" name="test_update_nonexistent_product" time="0.257" /><testcase classname="tests.test_admin_products_api.TestAdminProductSingleOperations" name="test_delete_product_hard_delete" time="1.283" /><testcase classname="tests.test_admin_products_api.TestAdminProductSingleOperations" name="test_delete_nonexistent_product" time="0.247" /><testcase classname="tests.test_admin_products_api.TestExistingProductsWithDiscounts" name="test_energy_boost_has_discount" time="0.246" /><testcase classname="tests.test_admin_products_api.TestExistingProductsWithDiscounts" name="test_sleep_support_has_discount" time="0.246" /><testcase classname="tests.test_admin_products_api.TestExistingProductsWithDiscounts" name="test_products_without_discount" time="0.246" /><testcase classname="tests.test_admin_products_api.TestShopPageProducts" name="test_shop_products_only_active_with_stock" time="0.246" /><testcase classname="tests.test_admin_products_api.TestShopPageProducts" name="test_shop_products_include_discount_info" time="0.247" /></testsuite></testsuites>