<?xml version="1.0" encoding="utf-8"?><testsuites name="pytest tests"><testsuite name="pytest" errors="0" failures="2" skipped="0" tests="22" time="17.741" timestamp="2026-01-04T12:55:12.307073+00:00" hostname="agent-env-dc3c7512-a552-4c57-9eb5-04ff71a74e8c"><testcase classname="tests.test_admin_products_api.TestAdminProductsListAndCreate" name="test_get_all_products" time="0.493" /><testcase classname="tests.test_admin_products_api.TestAdminProductsListAndCreate" name="test_create_product_success" time="2.334" /><testcase classname="tests.test_admin_products_api.TestAdminProductsListAndCreate" name="test_create_product_missing_name" time="0.010" /><testcase classname="tests.test_admin_products_api.TestAdminProductsListAndCreate" name="test_create_product_invalid_price" time="0.008" /><testcase classname="tests.test_admin_products_api.TestAdminProductsListAndCreate" name="test_create_product_invalid_stock" time="0.008" /><testcase classname="tests.test_admin_products_api.TestAdminProductsListAndCreate" name="test_create_product_invalid_discount" time="0.009" /><testcase classname="tests.test_admin_products_api.TestAdminProductSingleOperations" name="test_get_single_product" time="1.010" /><testcase classname="tests.test_admin_products_api.TestAdminProductSingleOperations" name="test_get_nonexistent_product" time="0.259" /><testcase classname="tests.test_admin_products_api.TestAdminProductSingleOperations" name="test_update_product_name" time="1.983" /><testcase classname="tests.test_admin_products_api.TestAdminProductSingleOperations" name="test_update_product_price" time="1.489" /><testcase classname="tests.test_admin_products_api.TestAdminProductSingleOperations" name="test_update_product_stock" time="1.978" /><testcase classname="tests.test_admin_products_api.TestAdminProductSingleOperations" name="test_update_product_discount" time="1.491" /><testcase classname="tests.test_admin_products_api.TestAdminProductSingleOperations" name="test_update_product_isActive" time="2.001" /><testcase classname="tests.test_admin_products_api.TestAdminProductSingleOperations" name="test_update_product_invalid_price" time="0.993" /><testcase classname="tests.test_admin_products_api.TestAdminProductSingleOperations" name="test_update_nonexistent_product" time="0.258" /><testcase classname="tests.test_admin_products_api.TestAdminProductSingleOperations" name="test_delete_product_hard_delete" time="1.479" /><testcase classname="tests.test_admin_products_api.TestAdminProductSingleOperations" name="test_delete_nonexistent_product" time="0.259" /><testcase classname="tests.test_admin_products_api.TestExistingProductsWithDiscounts" name="test_energy_boost_has_discount" time="0.247" /><testcase classname="tests.test_admin_products_api.TestExistingProductsWithDiscounts" name="test_sleep_support_has_discount" time="0.246" /><testcase classname="tests.test_admin_products_api.TestExistingProductsWithDiscounts" name="test_products_without_discount" time="0.246" /><testcase classname="tests.test_admin_products_api.TestShopPageProducts" name="test_shop_products_only_active_with_stock" time="0.574"><failure message="AttributeError: 'list' object has no attribute 'get'">tests/test_admin_products_api.py:368: in test_shop_products_only_active_with_stock
    products = data.get("products", data)  # Handle different response formats
               ^^^^^^^^
E   AttributeError: 'list' object has no attribute 'get'</failure></testcase><testcase classname="tests.test_admin_products_api.TestShopPageProducts" name="test_shop_products_include_discount_info" time="0.246"><failure message="AttributeError: 'list' object has no attribute 'get'">tests/test_admin_products_api.py:382: in test_shop_products_include_discount_info
    products = data.get("products", data)
               ^^^^^^^^
E   AttributeError: 'list' object has no attribute 'get'</failure></testcase></testsuite></testsuites>