<?xml version="1.0" encoding="utf-8"?><testsuites name="pytest tests"><testsuite name="pytest" errors="0" failures="0" skipped="2" tests="17" time="13.673" timestamp="2026-01-04T12:34:12.669929+00:00" hostname="agent-env-dc3c7512-a552-4c57-9eb5-04ff71a74e8c"><testcase classname="tests.test_orders_api.TestUserOrdersAPI" name="test_get_orders_list_success" time="0.731" /><testcase classname="tests.test_orders_api.TestUserOrdersAPI" name="test_orders_list_contains_required_fields" time="0.493" /><testcase classname="tests.test_orders_api.TestUserOrdersAPI" name="test_orders_list_payment_has_status" time="0.495" /><testcase classname="tests.test_orders_api.TestAdminOrdersAPI" name="test_get_admin_orders_success" time="0.966" /><testcase classname="tests.test_orders_api.TestAdminOrdersAPI" name="test_admin_orders_include_items" time="0.971" /><testcase classname="tests.test_orders_api.TestAdminOrdersAPI" name="test_admin_orders_include_payment_details" time="0.969" /><testcase classname="tests.test_orders_api.TestAdminOrderDetailAPI" name="test_get_order_by_id_success" time="0.984" /><testcase classname="tests.test_orders_api.TestAdminOrderDetailAPI" name="test_get_order_includes_full_details" time="0.984" /><testcase classname="tests.test_orders_api.TestAdminOrderDetailAPI" name="test_get_nonexistent_order_returns_404" time="0.268" /><testcase classname="tests.test_orders_api.TestAdminStatusUpdateAPI" name="test_invalid_status_value_rejected" time="0.008" /><testcase classname="tests.test_orders_api.TestAdminStatusUpdateAPI" name="test_invalid_transition_pending_to_shipped_rejected" time="0.485"><skipped type="pytest.skip" message="No PENDING order available for test">/app/tests/test_orders_api.py:171: No PENDING order available for test</skipped></testcase><testcase classname="tests.test_orders_api.TestAdminStatusUpdateAPI" name="test_invalid_transition_pending_to_delivered_rejected" time="0.485"><skipped type="pytest.skip" message="No PENDING order available for test">/app/tests/test_orders_api.py:190: No PENDING order available for test</skipped></testcase><testcase classname="tests.test_orders_api.TestAdminStatusUpdateAPI" name="test_delivered_order_cannot_change_status" time="0.765" /><testcase classname="tests.test_orders_api.TestAdminStatusUpdateAPI" name="test_same_status_update_succeeds" time="0.751" /><testcase classname="tests.test_orders_api.TestAdminStatusUpdateAPI" name="test_update_nonexistent_order_returns_404" time="0.249" /><testcase classname="tests.test_orders_api.TestStatusTransitionRules" name="test_valid_transitions_from_paid" time="1.957" /><testcase classname="tests.test_orders_api.TestStatusTransitionRules" name="test_valid_transition_shipped_to_delivered" time="1.951" /></testsuite></testsuites>